f:\gameplay3d\gameplay-master\qteditor\kayeditor\x64\debug\vc140.pdb
f:\gameplay3d\gameplay-master\qteditor\kayeditor\x64\debug\vc140.idb
f:\gameplay3d\gameplay-master\qteditor\kayeditor\x64\debug\kaymain.obj
f:\gameplay3d\gameplay-master\qteditor\kayeditor\x64\debug\kaymainwindow.obj
f:\gameplay3d\gameplay-master\qteditor\kayeditor\x64\debug\moc_kaymainwindow.obj
f:\gameplay3d\gameplay-master\qteditor\kayeditor\x64\debug\kaygame.obj
f:\gameplay3d\gameplay-master\qteditor\kayeditor\generatedfiles\ui_main.h
f:\gameplay3d\gameplay-master\qteditor\kayeditor\generatedfiles\moc_kaygame.cpp
f:\gameplay3d\gameplay-master\qteditor\kayeditor\generatedfiles\moc_kaymainwindow.cpp
f:\gameplay3d\gameplay-master\x64\debug\kayeditor.lib
f:\gameplay3d\gameplay-master\x64\debug\kayeditor.exp
f:\gameplay3d\gameplay-master\x64\debug\kayeditor.pdb
f:\gameplay3d\gameplay-master\qteditor\kayeditor\x64\debug\kayeditor.tlog\cl.command.1.tlog
f:\gameplay3d\gameplay-master\qteditor\kayeditor\x64\debug\kayeditor.tlog\cl.read.1.tlog
f:\gameplay3d\gameplay-master\qteditor\kayeditor\x64\debug\kayeditor.tlog\cl.write.1.tlog
f:\gameplay3d\gameplay-master\qteditor\kayeditor\x64\debug\kayeditor.tlog\custombuild.command.1.tlog
f:\gameplay3d\gameplay-master\qteditor\kayeditor\x64\debug\kayeditor.tlog\custombuild.read.1.tlog
f:\gameplay3d\gameplay-master\qteditor\kayeditor\x64\debug\kayeditor.tlog\custombuild.write.1.tlog
f:\gameplay3d\gameplay-master\qteditor\kayeditor\x64\debug\kayeditor.tlog\kayeditor.write.1u.tlog
f:\gameplay3d\gameplay-master\qteditor\kayeditor\x64\debug\kayeditor.tlog\link-cvtres.read.1.tlog
f:\gameplay3d\gameplay-master\qteditor\kayeditor\x64\debug\kayeditor.tlog\link-cvtres.write.1.tlog
f:\gameplay3d\gameplay-master\qteditor\kayeditor\x64\debug\kayeditor.tlog\link-rc.read.1.tlog
f:\gameplay3d\gameplay-master\qteditor\kayeditor\x64\debug\kayeditor.tlog\link-rc.write.1.tlog
f:\gameplay3d\gameplay-master\qteditor\kayeditor\x64\debug\kayeditor.tlog\link.13420-cvtres.read.1.tlog
f:\gameplay3d\gameplay-master\qteditor\kayeditor\x64\debug\kayeditor.tlog\link.13420-cvtres.write.1.tlog
f:\gameplay3d\gameplay-master\qteditor\kayeditor\x64\debug\kayeditor.tlog\link.13420-rc.read.1.tlog
f:\gameplay3d\gameplay-master\qteditor\kayeditor\x64\debug\kayeditor.tlog\link.13420-rc.write.1.tlog
f:\gameplay3d\gameplay-master\qteditor\kayeditor\x64\debug\kayeditor.tlog\link.13420.read.1.tlog
f:\gameplay3d\gameplay-master\qteditor\kayeditor\x64\debug\kayeditor.tlog\link.13420.write.1.tlog
f:\gameplay3d\gameplay-master\qteditor\kayeditor\x64\debug\kayeditor.tlog\link.command.1.tlog
f:\gameplay3d\gameplay-master\qteditor\kayeditor\x64\debug\kayeditor.tlog\link.read.1.tlog
f:\gameplay3d\gameplay-master\qteditor\kayeditor\x64\debug\kayeditor.tlog\link.write.1.tlog
